
2025-11-29 15:54:03 Info Kullanıcı onayı script çalıştırılırken verilen parametre ile baypas edildi.
2025-11-29 15:54:04 Info Protokol[Clients] yapılandırması başlatıldı.
2025-11-29 15:54:04 Info Protokol[Clients] yapılandırması tamamlandı.

2025-11-29 15:54:04 Info Protokol[Servers] yapılandırması başlatıldı.
2025-11-29 15:54:04 Info Protokol[Servers] yapılandırması tamamlandı.

2025-11-29 15:54:04 Info Şifreleme Algoritmaları yapılandırması başladı.
2025-11-29 15:54:04 Info Şifreleme algoritmaları yapılandırması tamamlandı.

2025-11-29 15:54:04 Info Hash algoritmaları yapılandırması başladı.
2025-11-29 15:54:04 Info Hash algoritmaları yapılandırması tamamlandı.

2025-11-29 15:54:04 Info TLS Anahtar değişim algoritmaları yapılandırması başladı.
2025-11-29 15:54:04 Info TLS Anahtar değişim algoritmaları yapılandırması tamamlandı.

2025-11-29 15:54:04 Info Cipher Suites yapılandırması başladı.
2025-11-29 15:54:04 Info Profil ECC Curves kullanılıyor: 2 eğri
2025-11-29 15:54:04 Info Script sonlandırıldı.
2025-11-29 15:54:04 Info Değişkenler temizleniyor
2025-11-29 15:54:04 Info Kullanıcı onayı script çalıştırılırken verilen parametre ile baypas edildi.
2025-11-29 15:54:04 Info Protokol[Clients] yapılandırması başlatıldı.
2025-11-29 15:54:04 Info Protokol[Clients] yapılandırması tamamlandı.

2025-11-29 15:54:04 Info Protokol[Servers] yapılandırması başlatıldı.
2025-11-29 15:54:04 Info Protokol[Servers] yapılandırması tamamlandı.

2025-11-29 15:54:04 Info Şifreleme Algoritmaları yapılandırması başladı.
2025-11-29 15:54:05 Info Şifreleme algoritmaları yapılandırması tamamlandı.

2025-11-29 15:54:05 Info Hash algoritmaları yapılandırması başladı.
2025-11-29 15:54:05 Info Hash algoritmaları yapılandırması tamamlandı.

2025-11-29 15:54:05 Info TLS Anahtar değişim algoritmaları yapılandırması başladı.
2025-11-29 15:54:05 Info TLS Anahtar değişim algoritmaları yapılandırması tamamlandı.

2025-11-29 15:54:05 Info Cipher Suites yapılandırması başladı.
2025-11-29 15:54:05 Info Profil ECC Curves kullanılıyor: 3 eğri
2025-11-29 15:54:05 Info Script sonlandırıldı.
2025-11-29 15:54:05 Info Değişkenler temizleniyor
2025-11-29 15:54:08 Info Kullanıcı onayı script çalıştırılırken verilen parametre ile baypas edildi.
2025-11-29 15:54:08 Info Protokol[Clients] yapılandırması başlatıldı.
2025-11-29 15:54:08 Info Protokol[Clients] yapılandırması tamamlandı.

2025-11-29 15:54:08 Info Protokol[Servers] yapılandırması başlatıldı.
2025-11-29 15:54:08 Info Protokol[Servers] yapılandırması tamamlandı.

2025-11-29 15:54:08 Info Şifreleme Algoritmaları yapılandırması başladı.
2025-11-29 15:54:08 Info Şifreleme algoritmaları yapılandırması tamamlandı.

2025-11-29 15:54:08 Info Hash algoritmaları yapılandırması başladı.
2025-11-29 15:54:08 Info Hash algoritmaları yapılandırması tamamlandı.

2025-11-29 15:54:08 Info TLS Anahtar değişim algoritmaları yapılandırması başladı.
2025-11-29 15:54:08 Info TLS Anahtar değişim algoritmaları yapılandırması tamamlandı.

2025-11-29 15:54:08 Info Cipher Suites yapılandırması başladı.
2025-11-29 15:54:08 Info Script sonlandırıldı.
2025-11-29 15:54:08 Info Değişkenler temizleniyor
